Release 14.7 - xst P.20131013 (lin64)
Copyright (c) 1995-2013 Xilinx, Inc.  All rights reserved.
--> 
Parameter TMPDIR set to xst/projnav.tmp


Total REAL time to Xst completion: 0.00 secs
Total CPU time to Xst completion: 0.03 secs
 
--> 
Parameter xsthdpdir set to xst


Total REAL time to Xst completion: 0.00 secs
Total CPU time to Xst completion: 0.03 secs
 
--> 
Reading design: PWM_LED_top.prj

TABLE OF CONTENTS
  1) Synthesis Options Summary
  2) HDL Parsing
  3) HDL Elaboration
  4) HDL Synthesis
       4.1) HDL Synthesis Report
  5) Advanced HDL Synthesis
       5.1) Advanced HDL Synthesis Report
  6) Low Level Synthesis
  7) Partition Report
  8) Design Summary
       8.1) Primitive and Black Box Usage
       8.2) Device utilization summary
       8.3) Partition Resource Summary
       8.4) Timing Report
            8.4.1) Clock Information
            8.4.2) Asynchronous Control Signals Information
            8.4.3) Timing Summary
            8.4.4) Timing Details
            8.4.5) Cross Clock Domains Report


=========================================================================
*                      Synthesis Options Summary                        *
=========================================================================
---- Source Parameters
Input File Name                    : "PWM_LED_top.prj"
Ignore Synthesis Constraint File   : NO

---- Target Parameters
Output File Name                   : "PWM_LED_top"
Output Format                      : NGC
Target Device                      : xc6slx16-2-csg324

---- Source Options
Top Module Name                    : PWM_LED_top
Automatic FSM Extraction           : YES
FSM Encoding Algorithm             : Auto
Safe Implementation                : No
FSM Style                          : LUT
RAM Extraction                     : Yes
RAM Style                          : Auto
ROM Extraction                     : Yes
Shift Register Extraction          : YES
ROM Style                          : Auto
Resource Sharing                   : YES
Asynchronous To Synchronous        : NO
Shift Register Minimum Size        : 2
Use DSP Block                      : Auto
Automatic Register Balancing       : No

---- Target Options
LUT Combining                      : Auto
Reduce Control Sets                : Auto
Add IO Buffers                     : YES
Global Maximum Fanout              : 100000
Add Generic Clock Buffer(BUFG)     : 16
Register Duplication               : YES
Optimize Instantiated Primitives   : NO
Use Clock Enable                   : Auto
Use Synchronous Set                : Auto
Use Synchronous Reset              : Auto
Pack IO Registers into IOBs        : Auto
Equivalent register Removal        : YES

---- General Options
Optimization Goal                  : Speed
Optimization Effort                : 1
Power Reduction                    : NO
Keep Hierarchy                     : No
Netlist Hierarchy                  : As_Optimized
RTL Output                         : Yes
Global Optimization                : AllClockNets
Read Cores                         : YES
Write Timing Constraints           : NO
Cross Clock Analysis               : NO
Hierarchy Separator                : /
Bus Delimiter                      : <>
Case Specifier                     : Maintain
Slice Utilization Ratio            : 100
BRAM Utilization Ratio             : 100
DSP48 Utilization Ratio            : 100
Auto BRAM Packing                  : NO
Slice Utilization Ratio Delta      : 5

=========================================================================


=========================================================================
*                          HDL Parsing                                  *
=========================================================================
Analyzing Verilog file "/home/caillot/Documents/Autres/Projets/FPGA/LED_PWM/PWM_generator.v" into library work
Parsing module <PWM_generator>.
Analyzing Verilog file "/home/caillot/Documents/Autres/Projets/FPGA/LED_PWM/clk_devider.v" into library work
Parsing module <clk_devider>.
Analyzing Verilog file "/home/caillot/Documents/Autres/Projets/FPGA/LED_PWM/PWM_LED_top.v" into library work
Parsing module <PWM_LED_top>.

=========================================================================
*                            HDL Elaboration                            *
=========================================================================

Elaborating module <PWM_LED_top>.
WARNING:HDLCompiler:872 - "/home/caillot/Documents/Autres/Projets/FPGA/LED_PWM/PWM_LED_top.v" Line 28: Using initial value of devider_i since it is never assigned

Elaborating module <clk_devider>.
WARNING:HDLCompiler:413 - "/home/caillot/Documents/Autres/Projets/FPGA/LED_PWM/clk_devider.v" Line 34: Result of 17-bit expression is truncated to fit in 16-bit target.

Elaborating module <PWM_generator>.
WARNING:HDLCompiler:413 - "/home/caillot/Documents/Autres/Projets/FPGA/LED_PWM/PWM_generator.v" Line 35: Result of 9-bit expression is truncated to fit in 8-bit target.

=========================================================================
*                           HDL Synthesis                               *
=========================================================================

Synthesizing Unit <PWM_LED_top>.
    Related source file is "/home/caillot/Documents/Autres/Projets/FPGA/LED_PWM/PWM_LED_top.v".
    Summary:
	no macro.
Unit <PWM_LED_top> synthesized.

Synthesizing Unit <clk_devider>.
    Related source file is "/home/caillot/Documents/Autres/Projets/FPGA/LED_PWM/clk_devider.v".
    Found 1-bit register for signal <clk_o>.
    Found 16-bit register for signal <counter>.
    Found 16-bit adder for signal <counter[15]_GND_2_o_add_3_OUT> created at line 34.
    Found 32-bit comparator greater for signal <n0001> created at line 30
    Summary:
	inferred   1 Adder/Subtractor(s).
	inferred  17 D-type flip-flop(s).
	inferred   1 Comparator(s).
Unit <clk_devider> synthesized.

Synthesizing Unit <PWM_generator>.
    Related source file is "/home/caillot/Documents/Autres/Projets/FPGA/LED_PWM/PWM_generator.v".
    Found 8-bit register for signal <pwm_cnt>.
    Found 1-bit register for signal <pwm_o>.
    Found 8-bit adder for signal <pwm_cnt[7]_GND_3_o_add_2_OUT> created at line 35.
    Found 8-bit comparator greater for signal <pwm_cnt[7]_duty_cycle[7]_LessThan_2_o> created at line 30
    Summary:
	inferred   1 Adder/Subtractor(s).
	inferred   9 D-type flip-flop(s).
	inferred   1 Comparator(s).
Unit <PWM_generator> synthesized.

=========================================================================
HDL Synthesis Report

Macro Statistics
# Adders/Subtractors                                   : 2
 16-bit adder                                          : 1
 8-bit adder                                           : 1
# Registers                                            : 4
 1-bit register                                        : 2
 16-bit register                                       : 1
 8-bit register                                        : 1
# Comparators                                          : 2
 32-bit comparator greater                             : 1
 8-bit comparator greater                              : 1

=========================================================================

=========================================================================
*                       Advanced HDL Synthesis                          *
=========================================================================


Synthesizing (advanced) Unit <PWM_generator>.
The following registers are absorbed into counter <pwm_cnt>: 1 register on signal <pwm_cnt>.
Unit <PWM_generator> synthesized (advanced).

Synthesizing (advanced) Unit <clk_devider>.
The following registers are absorbed into counter <counter>: 1 register on signal <counter>.
Unit <clk_devider> synthesized (advanced).

=========================================================================
Advanced HDL Synthesis Report

Macro Statistics
# Counters                                             : 2
 16-bit up counter                                     : 1
 8-bit up counter                                      : 1
# Registers                                            : 2
 Flip-Flops                                            : 2
# Comparators                                          : 2
 32-bit comparator greater                             : 1
 8-bit comparator greater                              : 1

=========================================================================

=========================================================================
*                         Low Level Synthesis                           *
=========================================================================

Optimizing unit <PWM_LED_top> ...

Mapping all equations...
Building and optimizing final netlist ...
Found area constraint ratio of 100 (+ 5) on block PWM_LED_top, actual ratio is 0.

Final Macro Processing ...

=========================================================================
Final Register Report

Macro Statistics
# Registers                                            : 26
 Flip-Flops                                            : 26

=========================================================================

=========================================================================
*                           Partition Report                            *
=========================================================================

Partition Implementation Status
-------------------------------

  No Partitions were found in this design.

-------------------------------

=========================================================================
*                            Design Summary                             *
=========================================================================

Top Level Output File Name         : PWM_LED_top.ngc

Primitive and Black Box Usage:
------------------------------
# BELS                             : 101
#      GND                         : 1
#      INV                         : 2
#      LUT1                        : 22
#      LUT2                        : 17
#      LUT3                        : 1
#      LUT4                        : 2
#      LUT5                        : 1
#      LUT6                        : 8
#      MUXCY                       : 22
#      VCC                         : 1
#      XORCY                       : 24
# FlipFlops/Latches                : 26
#      FD                          : 18
#      FDR                         : 8
# Clock Buffers                    : 1
#      BUFGP                       : 1
# IO Buffers                       : 9
#      IBUF                        : 8
#      OBUF                        : 1

Device utilization summary:
---------------------------

Selected Device : 6slx16csg324-2 


Slice Logic Utilization: 
 Number of Slice Registers:              26  out of  18224     0%  
 Number of Slice LUTs:                   53  out of   9112     0%  
    Number used as Logic:                53  out of   9112     0%  

Slice Logic Distribution: 
 Number of LUT Flip Flop pairs used:     53
   Number with an unused Flip Flop:      27  out of     53    50%  
   Number with an unused LUT:             0  out of     53     0%  
   Number of fully used LUT-FF pairs:    26  out of     53    49%  
   Number of unique control sets:         3

IO Utilization: 
 Number of IOs:                          10
 Number of bonded IOBs:                  10  out of    232     4%  

Specific Feature Utilization:
 Number of BUFG/BUFGCTRLs:                1  out of     16     6%  

---------------------------
Partition Resource Summary:
---------------------------

  No Partitions were found in this design.

---------------------------


=========================================================================
Timing Report

NOTE: THESE TIMING NUMBERS ARE ONLY A SYNTHESIS ESTIMATE.
      FOR ACCURATE TIMING INFORMATION PLEASE REFER TO THE TRACE REPORT
      GENERATED AFTER PLACE-and-ROUTE.

Clock Information:
------------------
-----------------------------------+------------------------+-------+
Clock Signal                       | Clock buffer(FF name)  | Load  |
-----------------------------------+------------------------+-------+
divider_m/clk_o                    | NONE(PWM_m/pwm_o)      | 9     |
clk                                | BUFGP                  | 17    |
-----------------------------------+------------------------+-------+
INFO:Xst:2169 - HDL ADVISOR - Some clock signals were not automatically buffered by XST with BUFG/BUFR resources. Please use the buffer_type constraint in order to insert these buffers to the clock signals to help prevent skew problems.

Asynchronous Control Signals Information:
----------------------------------------
No asynchronous control signals found in this design

Timing Summary:
---------------
Speed Grade: -2

   Minimum period: 4.554ns (Maximum Frequency: 219.587MHz)
   Minimum input arrival time before clock: 4.134ns
   Maximum output required time after clock: 4.118ns
   Maximum combinational path delay: No path found

Timing Details:
---------------
All values displayed in nanoseconds (ns)

=========================================================================
Timing constraint: Default period analysis for Clock 'divider_m/clk_o'
  Clock period: 4.130ns (frequency: 242.131MHz)
  Total number of paths / destination ports: 113 / 17
-------------------------------------------------------------------------
Delay:               4.130ns (Levels of Logic = 2)
  Source:            PWM_m/pwm_cnt_3 (FF)
  Destination:       PWM_m/pwm_cnt_0 (FF)
  Source Clock:      divider_m/clk_o rising
  Destination Clock: divider_m/clk_o rising

  Data Path: PWM_m/pwm_cnt_3 to PWM_m/pwm_cnt_0
                                Gate     Net
    Cell:in->out      fanout   Delay   Delay  Logical Name (Net Name)
    ----------------------------------------  ------------
     FDR:C->Q              4   0.525   1.032  PWM_m/pwm_cnt_3 (PWM_m/pwm_cnt_3)
     LUT3:I0->O            1   0.235   0.682  PWM_m/pwm_cnt[7]_PWR_4_o_equal_4_o<7>_SW0 (N4)
     LUT6:I5->O            8   0.254   0.943  PWM_m/pwm_cnt[7]_PWR_4_o_equal_4_o<7> (PWM_m/pwm_cnt[7]_PWR_4_o_equal_4_o)
     FDR:R                     0.459          PWM_m/pwm_cnt_0
    ----------------------------------------
    Total                      4.130ns (1.473ns logic, 2.657ns route)
                                       (35.7% logic, 64.3% route)

=========================================================================
Timing constraint: Default period analysis for Clock 'clk'
  Clock period: 4.554ns (frequency: 219.587MHz)
  Total number of paths / destination ports: 409 / 17
-------------------------------------------------------------------------
Delay:               4.554ns (Levels of Logic = 3)
  Source:            divider_m/counter_5 (FF)
  Destination:       divider_m/counter_0 (FF)
  Source Clock:      clk rising
  Destination Clock: clk rising

  Data Path: divider_m/counter_5 to divider_m/counter_0
                                Gate     Net
    Cell:in->out      fanout   Delay   Delay  Logical Name (Net Name)
    ----------------------------------------  ------------
     FD:C->Q               2   0.525   1.181  divider_m/counter_5 (divider_m/counter_5)
     LUT6:I0->O            2   0.254   0.834  divider_m/n0001_inv4_SW0 (N12)
     LUT6:I4->O           16   0.250   1.182  divider_m/n0001_inv4 (divider_m/n0001_inv)
     LUT2:I1->O            1   0.254   0.000  divider_m/counter_0_rstpot (divider_m/counter_0_rstpot)
     FD:D                      0.074          divider_m/counter_0
    ----------------------------------------
    Total                      4.554ns (1.357ns logic, 3.197ns route)
                                       (29.8% logic, 70.2% route)

=========================================================================
Timing constraint: Default OFFSET IN BEFORE for Clock 'divider_m/clk_o'
  Total number of paths / destination ports: 13 / 1
-------------------------------------------------------------------------
Offset:              4.134ns (Levels of Logic = 3)
  Source:            switches<2> (PAD)
  Destination:       PWM_m/pwm_o (FF)
  Destination Clock: divider_m/clk_o rising

  Data Path: switches<2> to PWM_m/pwm_o
                                Gate     Net
    Cell:in->out      fanout   Delay   Delay  Logical Name (Net Name)
    ----------------------------------------  ------------
     IBUF:I->O             1   1.328   1.112  switches_2_IBUF (switches_2_IBUF)
     LUT6:I1->O            1   0.254   1.112  PWM_m/pwm_cnt[7]_duty_cycle[7]_LessThan_2_o2 (PWM_m/pwm_cnt[7]_duty_cycle[7]_LessThan_2_o1)
     LUT5:I0->O            1   0.254   0.000  PWM_m/pwm_cnt[7]_duty_cycle[7]_LessThan_2_o21 (PWM_m/pwm_cnt[7]_duty_cycle[7]_LessThan_2_o)
     FD:D                      0.074          PWM_m/pwm_o
    ----------------------------------------
    Total                      4.134ns (1.910ns logic, 2.224ns route)
                                       (46.2% logic, 53.8% route)

=========================================================================
Timing constraint: Default OFFSET OUT AFTER for Clock 'divider_m/clk_o'
  Total number of paths / destination ports: 1 / 1
-------------------------------------------------------------------------
Offset:              4.118ns (Levels of Logic = 1)
  Source:            PWM_m/pwm_o (FF)
  Destination:       LED (PAD)
  Source Clock:      divider_m/clk_o rising

  Data Path: PWM_m/pwm_o to LED
                                Gate     Net
    Cell:in->out      fanout   Delay   Delay  Logical Name (Net Name)
    ----------------------------------------  ------------
     FD:C->Q               1   0.525   0.681  PWM_m/pwm_o (PWM_m/pwm_o)
     OBUF:I->O                 2.912          LED_OBUF (LED)
    ----------------------------------------
    Total                      4.118ns (3.437ns logic, 0.681ns route)
                                       (83.5% logic, 16.5% route)

=========================================================================

Cross Clock Domains Report:
--------------------------

Clock to Setup on destination clock clk
---------------+---------+---------+---------+---------+
               | Src:Rise| Src:Fall| Src:Rise| Src:Fall|
Source Clock   |Dest:Rise|Dest:Rise|Dest:Fall|Dest:Fall|
---------------+---------+---------+---------+---------+
clk            |    4.554|         |         |         |
---------------+---------+---------+---------+---------+

Clock to Setup on destination clock divider_m/clk_o
---------------+---------+---------+---------+---------+
               | Src:Rise| Src:Fall| Src:Rise| Src:Fall|
Source Clock   |Dest:Rise|Dest:Rise|Dest:Fall|Dest:Fall|
---------------+---------+---------+---------+---------+
divider_m/clk_o|    4.130|         |         |         |
---------------+---------+---------+---------+---------+

=========================================================================


Total REAL time to Xst completion: 3.00 secs
Total CPU time to Xst completion: 2.96 secs
 
--> 


Total memory usage is 370224 kilobytes

Number of errors   :    0 (   0 filtered)
Number of warnings :    3 (   0 filtered)
Number of infos    :    1 (   0 filtered)

