Command line:
   clk_devider_tb_isim_beh.exe
     -simmode  gui
     -simrunnum  0
     -socket  57421

Sat Feb 27 12:11:03 2021


 Elaboration Time: 0.01 sec

 Current Memory Usage: 184.205 Meg

 Total Signals          : 16
 Total Nets             : 31
 Total Signal Drivers   : 8
 Total Blocks           : 3
 Total Primitive Blocks : 2
 Total Processes        : 12
 Total Traceable Variables  : 22
 Total Scalar Nets and Variables : 145
Total Line Count : 28

 Total Simulation Time: 0.04 sec

 Current Memory Usage: 259.707 Meg

Sat Feb 27 12:17:24 2021

