Command line:
   PWM_generator_tb_isim_beh.exe
     -simmode  gui
     -simrunnum  0
     -socket  36781

Sat Feb 27 23:06:43 2021


 Elaboration Time: 0.01 sec

 Current Memory Usage: 184.205 Meg

 Total Signals          : 16
 Total Nets             : 23
 Total Signal Drivers   : 8
 Total Blocks           : 3
 Total Primitive Blocks : 2
 Total Processes        : 12
 Total Traceable Variables  : 22
 Total Scalar Nets and Variables : 121
Total Line Count : 40

 Total Simulation Time: 3.13 sec

 Current Memory Usage: 259.707 Meg

Sat Feb 27 23:07:19 2021

